<?xml version="1.0" encoding="UTF-8"?>
<!-- Generated by org.testng.reporters.JUnitReportReporter -->
<testsuite hostname="beeafcabeefc305621747caddfedbbbeone-0" failures="0" tests="1" name="runner.Testcase3" time="17.295" errors="0" timestamp="2023-09-30T12:07:07 UTC" skipped="0">
  <testcase classname="runner.Testcase3" name="cartpg" time="17.295"/>
</testsuite> <!-- runner.Testcase3 -->
